Running gem5 command...
Prş Nis 30 04:28:22 +03 2020
Working command: 

/vol1/msoyturk/gem5/build/RISCV/gem5.fast -re --outdir=/vol1/msoyturk/gem5/results/sssp/gowalla.el/prefetch_DCPTPrefetcher_BIPRP --stdout-file=output.txt --stderr-file=error.txt /vol1/msoyturk/gem5/configs/example/my_se.py -c /vol1/msoyturk/gem5/gapbs/sssp -o "-f /vol1/msoyturk/gem5/gapbs/test/graphs/gowalla.el" --caches --l1d_size=2kB --l1i_size=2kB --cpu-type=DerivO3CPU -n 4 --mem-size=512MB --l2cache --l2_size=4kB --l2-hwp-type=DCPTPrefetcher --l2-replacement-policy=BIPRP --l1i_mshrs=4 --l1d_mshrs=4 --l2_mshrs=20 --l1i_write_buffers=8 --l1d_write_buffers=8 --l2_write_buffers=8


Started with l2_prefetcher: DCPTPrefetcher and replacement policy 
Finished with l2_prefetcher: DCPTPrefetcher 
Working command: 

/vol1/msoyturk/gem5/build/RISCV/gem5.fast -re --outdir=/vol1/msoyturk/gem5/results/sssp/gowalla.el/prefetch_IndirectMemoryPrefetcher_BIPRP --stdout-file=output.txt --stderr-file=error.txt /vol1/msoyturk/gem5/configs/example/my_se.py -c /vol1/msoyturk/gem5/gapbs/sssp -o "-f /vol1/msoyturk/gem5/gapbs/test/graphs/gowalla.el" --caches --l1d_size=2kB --l1i_size=2kB --cpu-type=DerivO3CPU -n 4 --mem-size=512MB --l2cache --l2_size=4kB --l2-hwp-type=IndirectMemoryPrefetcher --l2-replacement-policy=BIPRP --l1i_mshrs=4 --l1d_mshrs=4 --l2_mshrs=20 --l1i_write_buffers=8 --l1d_write_buffers=8 --l2_write_buffers=8


Started with l2_prefetcher: IndirectMemoryPrefetcher and replacement policy 
Finished with l2_prefetcher: IndirectMemoryPrefetcher 
Working command: 

/vol1/msoyturk/gem5/build/RISCV/gem5.fast -re --outdir=/vol1/msoyturk/gem5/results/sssp/gowalla.el/prefetch_SignaturePathPrefetcher_BIPRP --stdout-file=output.txt --stderr-file=error.txt /vol1/msoyturk/gem5/configs/example/my_se.py -c /vol1/msoyturk/gem5/gapbs/sssp -o "-f /vol1/msoyturk/gem5/gapbs/test/graphs/gowalla.el" --caches --l1d_size=2kB --l1i_size=2kB --cpu-type=DerivO3CPU -n 4 --mem-size=512MB --l2cache --l2_size=4kB --l2-hwp-type=SignaturePathPrefetcher --l2-replacement-policy=BIPRP --l1i_mshrs=4 --l1d_mshrs=4 --l2_mshrs=20 --l1i_write_buffers=8 --l1d_write_buffers=8 --l2_write_buffers=8


Started with l2_prefetcher: SignaturePathPrefetcher and replacement policy 
Finished with l2_prefetcher: SignaturePathPrefetcher 
Working command: 

/vol1/msoyturk/gem5/build/RISCV/gem5.fast -re --outdir=/vol1/msoyturk/gem5/results/sssp/gowalla.el/prefetch_TaggedPrefetcher_BIPRP --stdout-file=output.txt --stderr-file=error.txt /vol1/msoyturk/gem5/configs/example/my_se.py -c /vol1/msoyturk/gem5/gapbs/sssp -o "-f /vol1/msoyturk/gem5/gapbs/test/graphs/gowalla.el" --caches --l1d_size=2kB --l1i_size=2kB --cpu-type=DerivO3CPU -n 4 --mem-size=512MB --l2cache --l2_size=4kB --l2-hwp-type=TaggedPrefetcher --l2-replacement-policy=BIPRP --l1i_mshrs=4 --l1d_mshrs=4 --l2_mshrs=20 --l1i_write_buffers=8 --l1d_write_buffers=8 --l2_write_buffers=8


Started with l2_prefetcher: TaggedPrefetcher and replacement policy 
Finished with l2_prefetcher: TaggedPrefetcher 
Cum May  1 02:31:31 +03 2020

Solver exited with return code: 0
